<?xml version="1.0" encoding="UTF-8"?>
<testsuite xmlns:xsi="http://www.w3.org/2001/XMLSchema-instance" xsi:noNamespaceSchemaLocation="https://maven.apache.org/surefire/maven-surefire-plugin/xsd/surefire-test-report-3.0.xsd" version="3.0" name="com.macaber.attribution.core.AttributionFilterTest" time="0.046" tests="10" errors="0" skipped="0" failures="0">
  <properties>
[...]
</properties>
  <testcase name="testShouldNotFilter_MarkdownFile" classname="com.macaber.attribution.core.AttributionFilterTest" time="0.035"/>
  <testcase name="testShouldFilter_ExcludedExtension" classname="com.macaber.attribution.core.AttributionFilterTest" time="0.003">
    <system-out><![CDATA[14:40:17.484 [main] INFO com.macaber.attribution.core.AttributionFilter -- [Filter] File skipped by extension: logs/app.log (matched excluded extension: log)
14:40:17.486 [main] INFO com.macaber.attribution.core.AttributionFilter -- [Filter] File skipped by extension: assets/logo.png (matched excluded extension: png)
]]></system-out>
  </testcase>
  <testcase name="testShouldFilter_LogFileByContentDetection" classname="com.macaber.attribution.core.AttributionFilterTest" time="0.0">
    <system-out><![CDATA[14:40:17.486 [main] INFO com.macaber.attribution.core.AttributionFilter -- [Filter] File skipped by extension: data/output.txt (matched excluded extension: txt)
]]></system-out>
  </testcase>
  <testcase name="testShouldNotFilter_IfFilterDisabled" classname="com.macaber.attribution.core.AttributionFilterTest" time="0.001"/>
  <testcase name="testShouldNotFilter_ValidJavaFile" classname="com.macaber.attribution.core.AttributionFilterTest" time="0.0"/>
  <testcase name="testShouldFilter_BinaryIndicatorInDiff" classname="com.macaber.attribution.core.AttributionFilterTest" time="0.001">
    <system-out><![CDATA[14:40:17.488 [main] INFO com.macaber.attribution.core.AttributionFilter -- [Filter] File skipped: bin/program is detected as binary
]]></system-out>
  </testcase>
  <testcase name="testShouldFilter_OverLimitFileSize" classname="com.macaber.attribution.core.AttributionFilterTest" time="0.002">
    <system-out><![CDATA[14:40:17.490 [main] INFO com.macaber.attribution.core.AttributionFilter -- [Filter] File skipped: src/LargeFile.java code size (513024 bytes) exceeds limit (500 KB)
]]></system-out>
  </testcase>
  <testcase name="testShouldFilter_OverLimitLinesCount" classname="com.macaber.attribution.core.AttributionFilterTest" time="0.002">
    <system-out><![CDATA[14:40:17.492 [main] INFO com.macaber.attribution.core.AttributionFilter -- [Filter] File skipped: src/LongFile.java code lines (5002) exceed limit (5000)
]]></system-out>
  </testcase>
  <testcase name="testShouldFilter_OverLimitDiffSize" classname="com.macaber.attribution.core.AttributionFilterTest" time="0.001">
    <system-out><![CDATA[14:40:17.493 [main] INFO com.macaber.attribution.core.AttributionFilter -- [Filter] File skipped: src/LargeDiff.java diff size (103424 bytes) exceeds limit (100 KB)
]]></system-out>
  </testcase>
  <testcase name="testShouldFilter_NullBytesInContent" classname="com.macaber.attribution.core.AttributionFilterTest" time="0.0">
    <system-out><![CDATA[14:40:17.493 [main] INFO com.macaber.attribution.core.AttributionFilter -- [Filter] File skipped: data/cache.dat is detected as binary
]]></system-out>
  </testcase>
</testsuite>